[debug] > Exec(early(addDefaultCommands), None, None)
[debug] > Exec(addDefaultCommands, None, None)
[debug] > Exec(early(initialize), None, None)
[debug] > Exec(initialize, None, None)
[debug] > Exec(early(addPluginSbtFile="""C:\Users\srava\AppData\Local\Temp\idea1.sbt"""), None, None)
[debug] > Exec(addPluginSbtFile="""C:\Users\srava\AppData\Local\Temp\idea1.sbt""", None, None)
[debug] > Exec(boot, None, None)
[debug] > Exec(writeSbtVersion, None, None)
[debug] > Exec(reload, None, None)
[debug] > Exec(sbtStashOnFailure, None, None)
[debug] > Exec(onFailure loadFailed, None, None)
[debug] > Exec(loadp, None, None)
[info] welcome to sbt 1.7.2 (Oracle Corporation Java 19)
[debug]       Load.loadUnit: plugins took 118.412ms
[debug]       Load.loadUnit: defsScala took 0.3783ms
[debug] [Loading] Scanning directory C:\Users\srava\.sbt\1.0\plugins
[debug] [Loading] Found non-root projects 
[debug] [Loading] Done in C:\Users\srava\.sbt\1.0\plugins, returning: ()
[debug] deducing auto plugins based on known facts Set(Atom(sbt.plugins.CorePlugin)) and clauses Clauses(Clause(Atom(sbt.plugins.JvmPlugin),Set(Atom(sbt.plugins.IvyPlugin)))
[debug] Clause(Atom(sbt.ScriptedPlugin),Set(Atom(sbt.plugins.JvmPlugin)))
[debug] Clause(Atom(sbt.plugins.SbtPlugin),Set(Atom(sbt.ScriptedPlugin)))
[debug] Clause(Atom(sbt.plugins.SemanticdbPlugin),Set(Atom(sbt.plugins.JvmPlugin)))
[debug] Clause(Atom(sbt.plugins.JUnitXmlReportPlugin),Set(Atom(sbt.plugins.JvmPlugin)))
[debug] Clause(Atom(sbt.plugins.MiniDependencyTreePlugin),Set(Atom(sbt.plugins.JvmPlugin)))
[debug] Clause(Atom(sbt.plugins.CorePlugin),Set(Atom(sbt.plugins.IvyPlugin)))
[debug] Clause(Atom(sbt.plugins.IvyPlugin),Set(Atom(sbt.plugins.JvmPlugin)))
[debug] Clause(Atom(sbt.plugins.JvmPlugin),Set(Atom(sbt.plugins.SemanticdbPlugin)))
[debug] Clause(Atom(sbt.plugins.JvmPlugin),Set(Atom(sbt.plugins.JUnitXmlReportPlugin)))
[debug] Clause(Atom(sbt.plugins.CorePlugin),Set(Atom(sbt.plugins.Giter8TemplatePlugin)))
[debug] Clause(Atom(sbt.plugins.JvmPlugin),Set(Atom(sbt.plugins.MiniDependencyTreePlugin))))
[debug]   :: deduced result: Matched(sbt.plugins.CorePlugin,sbt.plugins.Giter8TemplatePlugin,sbt.plugins.IvyPlugin,sbt.plugins.JvmPlugin,sbt.plugins.MiniDependencyTreePlugin,sbt.plugins.JUnitXmlReportPlugin,sbt.plugins.SemanticdbPlugin)
[debug] Plugins.deducer#function took 14.197 ms
[debug]           Load.resolveProject(global-plugins) took 37.8174ms
[debug]         Load.loadTransitive: finalizeProject(Project(id global-plugins, base: C:\Users\srava\.sbt\1.0\plugins, plugins: List(<none>))) took 75.0464ms
[debug] [Loading] Done in C:\Users\srava\.sbt\1.0\plugins, returning: (global-plugins)
[debug]       Load.loadUnit: loadedProjectsRaw took 110.0413ms
[debug]       Load.loadUnit: cleanEvalClasses took 0.1998ms
[debug]     Load.loadUnit(file:/C:/Users/srava/.sbt/1.0/plugins/, ...) took 240.2757ms
[debug]   Load.apply: load took 460.8945ms
[debug]   Load.apply: resolveProjects took 7.2721ms
[debug]   Load.apply: finalTransforms took 67.6192ms
[debug]   Load.apply: config.delegates took 11.1143ms
[debug]   Load.apply: Def.make(settings)... took 479.2229ms
[debug]   Load.apply: structureIndex took 118.9844ms
[debug]   Load.apply: mkStreams took 1.7397ms
[info] loading global plugins from C:\Users\srava\.sbt\1.0\plugins
[debug] Running task... Cancel: Signal, check cycles: false, forcegc: true
[debug] Load.defaultLoad until apply took 2637.866ms
[debug]           Load.loadUnit: plugins took 20.3571ms
[debug]           Load.loadUnit: defsScala took 0.0078ms
[debug] [Loading] Scanning directory C:\Users\srava\IdeaProjects\BankingProject\project
[debug]             Load.loadUnit: mkEval took 9.0328ms
[debug] [Loading] Found non-root projects 
[debug] [Loading] Done in C:\Users\srava\IdeaProjects\BankingProject\project, returning: ()
[debug] deducing auto plugins based on known facts Set(Atom(sbt.plugins.CorePlugin)) and clauses Clauses(Clause(Atom(sbt.plugins.JvmPlugin),Set(Atom(sbt.plugins.IvyPlugin)))
[debug] Clause(Atom(sbt.ScriptedPlugin),Set(Atom(sbt.plugins.JvmPlugin)))
[debug] Clause(Atom(sbt.plugins.SbtPlugin),Set(Atom(sbt.ScriptedPlugin)))
[debug] Clause(Atom(sbt.plugins.SemanticdbPlugin),Set(Atom(sbt.plugins.JvmPlugin)))
[debug] Clause(Atom(sbt.plugins.JUnitXmlReportPlugin),Set(Atom(sbt.plugins.JvmPlugin)))
[debug] Clause(Atom(sbt.plugins.MiniDependencyTreePlugin),Set(Atom(sbt.plugins.JvmPlugin)))
[debug] Clause(Atom(sbt.plugins.CorePlugin),Set(Atom(sbt.plugins.IvyPlugin)))
[debug] Clause(Atom(sbt.plugins.IvyPlugin),Set(Atom(sbt.plugins.JvmPlugin)))
[debug] Clause(Atom(sbt.plugins.JvmPlugin),Set(Atom(sbt.plugins.SemanticdbPlugin)))
[debug] Clause(Atom(sbt.plugins.JvmPlugin),Set(Atom(sbt.plugins.JUnitXmlReportPlugin)))
[debug] Clause(Atom(sbt.plugins.CorePlugin),Set(Atom(sbt.plugins.Giter8TemplatePlugin)))
[debug] Clause(Atom(sbt.plugins.JvmPlugin),Set(Atom(sbt.plugins.MiniDependencyTreePlugin))))
[debug]   :: deduced result: Matched(sbt.plugins.CorePlugin,sbt.plugins.Giter8TemplatePlugin,sbt.plugins.IvyPlugin,sbt.plugins.JvmPlugin,sbt.plugins.MiniDependencyTreePlugin,sbt.plugins.JUnitXmlReportPlugin,sbt.plugins.SemanticdbPlugin)
[debug] Plugins.deducer#function took 1.9666 ms
[info] loading settings for project bankingproject-build from idea1.sbt ...
[debug]               Load.resolveProject(bankingproject-build) took 3.0093ms
[debug]             Load.loadTransitive: finalizeProject(Project(id bankingproject-build, base: C:\Users\srava\IdeaProjects\BankingProject\project, plugins: List(<none>))) took 5.6139ms
[debug] [Loading] Done in C:\Users\srava\IdeaProjects\BankingProject\project, returning: (bankingproject-build)
[debug]           Load.loadUnit: loadedProjectsRaw took 173.3083ms
[debug]           Load.loadUnit: cleanEvalClasses took 5.9817ms
[debug]         Load.loadUnit(file:/C:/Users/srava/IdeaProjects/BankingProject/project/, ...) took 200.708ms
[debug]       Load.apply: load took 202.1711ms
[debug]       Load.apply: resolveProjects took 0.1161ms
[debug]       Load.apply: finalTransforms took 26.1842ms
[debug]       Load.apply: config.delegates took 0.5562ms
[debug]       Load.apply: Def.make(settings)... took 114.1055ms
[debug]       Load.apply: structureIndex took 34.2434ms
[debug]       Load.apply: mkStreams took 0.0028ms
[info] loading project definition from C:\Users\srava\IdeaProjects\BankingProject\project
[debug] Running task... Cancel: Signal, check cycles: false, forcegc: true
[debug]     Load.loadUnit: plugins took 811.9009ms
[debug]     Load.loadUnit: defsScala took 0.0032ms
[debug] [Loading] Scanning directory C:\Users\srava\IdeaProjects\BankingProject
[debug]       Load.loadUnit: mkEval took 0.2068ms
[error] Type error in expression
[debug] > Exec(loadFailed, None, None)
[warn] Project loading failed: (r)etry, (q)uit, (l)ast, or (i)gnore? (default: r)
