[debug] > Exec(;reload; set _root_.org.jetbrains.sbt.StructureKeys.sbtStructureOptions in Global := "download resolveClassifiers" ;preferScala2;*/*:dumpStructureTo C:/Users/srava/AppData/Local/Temp/sbt-structure.xml; session clear-all ; set ideaPort in Global := 63355, None, None)
[debug] > Exec(reload, None, None)
[debug] > Exec(sbtStashOnFailure, None, None)
[debug] > Exec(onFailure loadFailed, None, None)
[debug] > Exec(loadp, None, None)
[info] welcome to sbt 1.7.2 (Oracle Corporation Java 19)
[debug]       Load.loadUnit: plugins took 15.6514ms
[debug]       Load.loadUnit: defsScala took 0.0087ms
[debug] [Loading] Scanning directory C:\Users\srava\.sbt\1.0\plugins
[debug] [Loading] Found non-root projects 
[debug] [Loading] Done in C:\Users\srava\.sbt\1.0\plugins, returning: ()
[debug] deducing auto plugins based on known facts Set(Atom(sbt.plugins.CorePlugin)) and clauses Clauses(Clause(Atom(sbt.plugins.JvmPlugin),Set(Atom(sbt.plugins.IvyPlugin)))
[debug] Clause(Atom(sbt.ScriptedPlugin),Set(Atom(sbt.plugins.JvmPlugin)))
[debug] Clause(Atom(sbt.plugins.SbtPlugin),Set(Atom(sbt.ScriptedPlugin)))
[debug] Clause(Atom(sbt.plugins.SemanticdbPlugin),Set(Atom(sbt.plugins.JvmPlugin)))
[debug] Clause(Atom(sbt.plugins.JUnitXmlReportPlugin),Set(Atom(sbt.plugins.JvmPlugin)))
[debug] Clause(Atom(sbt.plugins.MiniDependencyTreePlugin),Set(Atom(sbt.plugins.JvmPlugin)))
[debug] Clause(Atom(sbt.plugins.CorePlugin),Set(Atom(sbt.plugins.IvyPlugin)))
[debug] Clause(Atom(sbt.plugins.IvyPlugin),Set(Atom(sbt.plugins.JvmPlugin)))
[debug] Clause(Atom(sbt.plugins.JvmPlugin),Set(Atom(sbt.plugins.SemanticdbPlugin)))
[debug] Clause(Atom(sbt.plugins.JvmPlugin),Set(Atom(sbt.plugins.JUnitXmlReportPlugin)))
[debug] Clause(Atom(sbt.plugins.CorePlugin),Set(Atom(sbt.plugins.Giter8TemplatePlugin)))
[debug] Clause(Atom(sbt.plugins.JvmPlugin),Set(Atom(sbt.plugins.MiniDependencyTreePlugin))))
[debug]   :: deduced result: Matched(sbt.plugins.CorePlugin,sbt.plugins.Giter8TemplatePlugin,sbt.plugins.IvyPlugin,sbt.plugins.JvmPlugin,sbt.plugins.MiniDependencyTreePlugin,sbt.plugins.JUnitXmlReportPlugin,sbt.plugins.SemanticdbPlugin)
[debug] Plugins.deducer#function took 1.2984 ms
[debug]           Load.resolveProject(global-plugins) took 1.0233ms
[debug]         Load.loadTransitive: finalizeProject(Project(id global-plugins, base: C:\Users\srava\.sbt\1.0\plugins, plugins: List(<none>))) took 2.7428ms
[debug] [Loading] Done in C:\Users\srava\.sbt\1.0\plugins, returning: (global-plugins)
[debug]       Load.loadUnit: loadedProjectsRaw took 3.6966ms
[debug]       Load.loadUnit: cleanEvalClasses took 0.0321ms
[debug]     Load.loadUnit(file:/C:/Users/srava/.sbt/1.0/plugins/, ...) took 20.7194ms
[debug]   Load.apply: load took 21.7278ms
[debug]   Load.apply: resolveProjects took 0.0817ms
[debug]   Load.apply: finalTransforms took 11.5269ms
[debug]   Load.apply: config.delegates took 0.5008ms
[debug]   Load.apply: Def.make(settings)... took 100.833ms
[debug]   Load.apply: structureIndex took 29.681ms
[debug]   Load.apply: mkStreams took 0.0042ms
[info] loading global plugins from C:\Users\srava\.sbt\1.0\plugins
[debug] Running task... Cancel: Signal, check cycles: false, forcegc: true
[debug] Load.defaultLoad until apply took 463.2441ms
[debug]           Load.loadUnit: plugins took 13.15ms
[debug]           Load.loadUnit: defsScala took 0.0047ms
[debug] [Loading] Scanning directory C:\Users\srava\IdeaProjects\BankingProject\project
[debug]             Load.loadUnit: mkEval took 0.2743ms
[debug] [Loading] Found non-root projects 
[debug] [Loading] Done in C:\Users\srava\IdeaProjects\BankingProject\project, returning: ()
[debug] deducing auto plugins based on known facts Set(Atom(sbt.plugins.CorePlugin)) and clauses Clauses(Clause(Atom(sbt.plugins.JvmPlugin),Set(Atom(sbt.plugins.IvyPlugin)))
[debug] Clause(Atom(sbt.ScriptedPlugin),Set(Atom(sbt.plugins.JvmPlugin)))
[debug] Clause(Atom(sbt.plugins.SbtPlugin),Set(Atom(sbt.ScriptedPlugin)))
[debug] Clause(Atom(sbt.plugins.SemanticdbPlugin),Set(Atom(sbt.plugins.JvmPlugin)))
[debug] Clause(Atom(sbt.plugins.JUnitXmlReportPlugin),Set(Atom(sbt.plugins.JvmPlugin)))
[debug] Clause(Atom(sbt.plugins.MiniDependencyTreePlugin),Set(Atom(sbt.plugins.JvmPlugin)))
[debug] Clause(Atom(sbt.plugins.CorePlugin),Set(Atom(sbt.plugins.IvyPlugin)))
[debug] Clause(Atom(sbt.plugins.IvyPlugin),Set(Atom(sbt.plugins.JvmPlugin)))
[debug] Clause(Atom(sbt.plugins.JvmPlugin),Set(Atom(sbt.plugins.SemanticdbPlugin)))
[debug] Clause(Atom(sbt.plugins.JvmPlugin),Set(Atom(sbt.plugins.JUnitXmlReportPlugin)))
[debug] Clause(Atom(sbt.plugins.CorePlugin),Set(Atom(sbt.plugins.Giter8TemplatePlugin)))
[debug] Clause(Atom(sbt.plugins.JvmPlugin),Set(Atom(sbt.plugins.MiniDependencyTreePlugin))))
[debug]   :: deduced result: Matched(sbt.plugins.CorePlugin,sbt.plugins.Giter8TemplatePlugin,sbt.plugins.IvyPlugin,sbt.plugins.JvmPlugin,sbt.plugins.MiniDependencyTreePlugin,sbt.plugins.JUnitXmlReportPlugin,sbt.plugins.SemanticdbPlugin)
[debug] Plugins.deducer#function took 1.583 ms
[info] loading settings for project bankingproject-build from idea.sbt ...
[debug]               Load.resolveProject(bankingproject-build) took 12.2558ms
[debug]             Load.loadTransitive: finalizeProject(Project(id bankingproject-build, base: C:\Users\srava\IdeaProjects\BankingProject\project, plugins: List(<none>))) took 14.5688ms
[debug] [Loading] Done in C:\Users\srava\IdeaProjects\BankingProject\project, returning: (bankingproject-build)
[debug]           Load.loadUnit: loadedProjectsRaw took 29.0815ms
[debug]           Load.loadUnit: cleanEvalClasses took 3.7185ms
[debug]         Load.loadUnit(file:/C:/Users/srava/IdeaProjects/BankingProject/project/, ...) took 46.9926ms
[debug]       Load.apply: load took 48.4322ms
[debug]       Load.apply: resolveProjects took 0.1767ms
[debug]       Load.apply: finalTransforms took 8.966ms
[debug]       Load.apply: config.delegates took 0.4143ms
[debug]       Load.apply: Def.make(settings)... took 75.3636ms
[debug]       Load.apply: structureIndex took 15.4466ms
[debug]       Load.apply: mkStreams took 0.0029ms
[info] loading project definition from C:\Users\srava\IdeaProjects\BankingProject\project
[debug] Running task... Cancel: Signal, check cycles: false, forcegc: true
[debug]     Load.loadUnit: plugins took 304.4631ms
[debug]     Load.loadUnit: defsScala took 0.0028ms
[debug] [Loading] Scanning directory C:\Users\srava\IdeaProjects\BankingProject
[debug]       Load.loadUnit: mkEval took 0.3621ms
[debug] [Loading] Found root project root w/ remaining 
[debug] deducing auto plugins based on known facts Set(Atom(sbt.plugins.CorePlugin)) and clauses Clauses(Clause(Atom(sbt.plugins.JvmPlugin),Set(Atom(sbt.plugins.IvyPlugin)))
[debug] Clause(Atom(sbt.ScriptedPlugin),Set(Atom(sbt.plugins.JvmPlugin)))
[debug] Clause(Atom(sbt.plugins.SbtPlugin),Set(Atom(sbt.ScriptedPlugin)))
[debug] Clause(Atom(sbt.plugins.SemanticdbPlugin),Set(Atom(sbt.plugins.JvmPlugin)))
[debug] Clause(Atom(sbt.plugins.JUnitXmlReportPlugin),Set(Atom(sbt.plugins.JvmPlugin)))
[debug] Clause(Atom(sbt.plugins.MiniDependencyTreePlugin),Set(Atom(sbt.plugins.JvmPlugin)))
[debug] Clause(Atom(org.jetbrains.sbt.StructurePlugin),Set(Atom(sbt.plugins.JvmPlugin)))
[debug] Clause(Atom(org.jetbrains.sbt.IdeaShellPlugin),Set(Atom(sbt.plugins.JvmPlugin)))
[debug] Clause(Atom(org.jetbrains.sbt.indices.SbtIntellijIndicesPlugin),Set(Atom(sbt.plugins.JvmPlugin)))
[debug] Clause(Atom(sbt.plugins.CorePlugin),Set(Atom(sbt.plugins.IvyPlugin)))
[debug] Clause(Atom(sbt.plugins.IvyPlugin),Set(Atom(sbt.plugins.JvmPlugin)))
[debug] Clause(Atom(sbt.plugins.JvmPlugin),Set(Atom(sbt.plugins.SemanticdbPlugin)))
[debug] Clause(Atom(sbt.plugins.JvmPlugin),Set(Atom(sbt.plugins.JUnitXmlReportPlugin)))
[debug] Clause(Atom(sbt.plugins.CorePlugin),Set(Atom(sbt.plugins.Giter8TemplatePlugin)))
[debug] Clause(Atom(sbt.plugins.JvmPlugin),Set(Atom(sbt.plugins.MiniDependencyTreePlugin)))
[debug] Clause(Atom(sbt.plugins.JvmPlugin),Set(Atom(org.jetbrains.sbt.StructurePlugin)))
[debug] Clause(Atom(sbt.plugins.JvmPlugin),Set(Atom(org.jetbrains.sbt.IdeaShellPlugin)))
[debug] Clause(And(Set(Atom(sbt.plugins.CorePlugin), Atom(sbt.plugins.JvmPlugin))),Set(Atom(org.jetbrains.sbt.indices.SbtIntellijIndicesPlugin))))
[debug]   :: deduced result: Matched(sbt.plugins.CorePlugin,sbt.plugins.Giter8TemplatePlugin,sbt.plugins.IvyPlugin,sbt.plugins.JvmPlugin,sbt.plugins.SemanticdbPlugin,org.jetbrains.sbt.indices.SbtIntellijIndicesPlugin,sbt.plugins.JUnitXmlReportPlugin,org.jetbrains.sbt.IdeaShellPlugin,org.jetbrains.sbt.StructurePlugin,sbt.plugins.MiniDependencyTreePlugin)
[debug] Plugins.deducer#function took 1.969 ms
[info] loading settings for project root from build.sbt ...
[debug]         Load.resolveProject(root) took 36.5412ms
[debug]       Load.loadTransitive: finalizeProject(Project(id root, base: C:\Users\srava\IdeaProjects\BankingProject, plugins: List(<none>))) took 39.3771ms
[debug] [Loading] Done in C:\Users\srava\IdeaProjects\BankingProject, returning: (root)
[debug]     Load.loadUnit: loadedProjectsRaw took 90.5123ms
[debug]     Load.loadUnit: cleanEvalClasses took 10.8653ms
[debug]   Load.loadUnit(file:/C:/Users/srava/IdeaProjects/BankingProject/, ...) took 406.6041ms
[debug] Load.apply: load took 407.838ms
[debug] Load.apply: resolveProjects took 0.0968ms
[debug] Load.apply: finalTransforms took 11.4137ms
[debug] Load.apply: config.delegates took 0.2372ms
[debug] Load.apply: Def.make(settings)... took 57.9594ms
[debug] Load.apply: structureIndex took 14.4424ms
[debug] Load.apply: mkStreams took 0.002ms
[warn] Discarding 1 session setting.  Use 'session save' to persist session settings.
[info] set current project to BankingProject (in build file:/C:/Users/srava/IdeaProjects/BankingProject/)
[debug] > Exec(sbtPopOnFailure, None, None)
[debug] > Exec(resumeFromFailure, None, None)
[debug] > Exec(set _root_.org.jetbrains.sbt.StructureKeys.sbtStructureOptions in Global := "download resolveClassifiers", None, None)
[info] Defining Global / sbtStructureOptions
[info] The new value will be used by Global / ssOptions
[debug] Defining 
[debug] 	Global / sbtStructureOptions
[debug] 
[debug] The new value will be used by 
[debug] 	Global / ssOptions
[info] Reapplying settings...
[info] set current project to BankingProject (in build file:/C:/Users/srava/IdeaProjects/BankingProject/)
[debug] > Exec(preferScala2, None, None)
[debug] > Exec(*/*:dumpStructureTo C:/Users/srava/AppData/Local/Temp/sbt-structure.xml, None, None)
[debug] Evaluating tasks: Global / dumpStructureTo
[warn] sbt 0.13 shell syntax is deprecated; use slash syntax instead: Global / dumpStructureTo
[debug] Running task... Cancel: Signal, check cycles: false, forcegc: true
[info] Writing structure to C:\Users\srava\AppData\Local\Temp\sbt-structure.xml...
[info] Done.
[success] Total time: 3 s, completed 14 Oct 2022, 15:28:39
[debug] > Exec(session clear-all, None, None)
[info] Reapplying settings...
[info] set current project to BankingProject (in build file:/C:/Users/srava/IdeaProjects/BankingProject/)
[debug] > Exec(set ideaPort in Global := 63355, None, None)
[info] Defining Global / ideaPort
[info] The new value will be used by Compile / compile, Test / compile
[debug] Defining 
[debug] 	Global / ideaPort
[debug] 
[debug] The new value will be used by 
[debug] 	Compile / compile
[debug] 	Test / compile
[info] Reapplying settings...
[info] set current project to BankingProject (in build file:/C:/Users/srava/IdeaProjects/BankingProject/)
[debug] > Exec(idea-shell, None, None)
[debug] > Exec(, None, None)
[debug] > Exec(idea-shell, None, None)
